<?xml version="1.0" encoding="UTF-8"?>
<!-- Generated by org.testng.reporters.JUnitXMLReporter -->
<testsuite ignored="0" hostname="MTYTM19083Z56" failures="0" tests="4" name="Chrome Test" time="0.035" errors="0" timestamp="25 Sep 2020 15:24:17 GMT">
  <testcase classname="com.expedia.flightsbooking.TestNG_Grouping" name="AudiA6" time="0.0"/>
  <testcase classname="com.expedia.flightsbooking.TestNG_Grouping" name="BMW3Series" time="0.0"/>
  <testcase classname="com.expedia.flightsbooking.TestNG_Grouping" name="BMWX3" time="0.0"/>
  <testcase classname="com.expedia.flightsbooking.TestNG_Grouping" name="HondaAccord" time="0.0"/>
</testsuite> <!-- Chrome Test -->
