<?xml version="1.0" encoding="UTF-8"?>
<testsuite xmlns:xsi="http://www.w3.org/2001/XMLSchema-instance" xsi:noNamespaceSchemaLocation="https://maven.apache.org/surefire/maven-surefire-plugin/xsd/surefire-test-report-3.0.xsd" version="3.0" name="TestSuite" time="0.424" tests="4" errors="0" skipped="0" failures="0">
  <properties>
[...]
</properties>
  <testcase name="AudiA6" classname="com.expedia.flightsbooking.TestNG_Grouping" time="0.001">
    <system-out><![CDATA[
This method runs before every method
Audi A6 Test
]]></system-out>
  </testcase>
  <testcase name="BMW3Series" classname="com.expedia.flightsbooking.TestNG_Grouping" time="0">
    <system-out><![CDATA[
This method runs before every method
BMW 3 SERIES Test
]]></system-out>
  </testcase>
  <testcase name="BMWX3" classname="com.expedia.flightsbooking.TestNG_Grouping" time="0">
    <system-out><![CDATA[
This method runs before every method
BMW X3 Test
]]></system-out>
  </testcase>
  <testcase name="HondaAccord" classname="com.expedia.flightsbooking.TestNG_Grouping" time="0">
    <system-out><![CDATA[
This method runs before every method
Honda Accord Test
]]></system-out>
  </testcase>
</testsuite>